
> luie@0.1.0 typecheck /Users/user/Luie
> tsc --noEmit

src/renderer/src/app/App.tsx(23,8): error TS2307: Cannot find module '@renderer/services/uiModeIntegrity' or its corresponding type declarations.
src/renderer/src/app/App.tsx(64,53): error TS2339: Property 'items' does not exist on type 'ProjectStore'.
src/renderer/src/features/editor/components/extensions/SmartLink.ts(7,34): error TS2307: Cannot find module '@renderer/services/smartLinkService' or its corresponding type declarations.
src/renderer/src/features/editor/components/hooks/useSmartLinkClickHandler.ts(5,34): error TS2307: Cannot find module '@renderer/services/smartLinkService' or its corresponding type declarations.
src/renderer/src/features/editor/components/InspectorPanel.tsx(23,11): error TS2339: Property 'items' does not exist on type 'ChapterStore'.
src/renderer/src/features/editor/components/InspectorPanel.tsx(23,28): error TS2339: Property 'update' does not exist on type 'ChapterStore'.
src/renderer/src/features/editor/components/InspectorPanel.tsx(25,40): error TS7006: Parameter 'c' implicitly has an 'any' type.
src/renderer/src/features/editor/components/SmartLinkTooltip.tsx(6,34): error TS2307: Cannot find module '@renderer/services/smartLinkService' or its corresponding type declarations.
src/renderer/src/features/editor/components/SmartLinkTooltip.tsx(25,11): error TS2339: Property 'items' does not exist on type 'CharacterStore'.
src/renderer/src/features/editor/components/SmartLinkTooltip.tsx(26,11): error TS2339: Property 'items' does not exist on type 'TermStore'.
src/renderer/src/features/manuscript/components/sections/SidebarChapterList.tsx(6,33): error TS2307: Cannot find module '@renderer/hooks/useFloatingMenu' or its corresponding type declarations.
src/renderer/src/features/manuscript/components/sections/SidebarCharacterList.tsx(25,11): error TS2339: Property 'currentItem' does not exist on type 'ProjectStore'.
src/renderer/src/features/manuscript/components/sections/SidebarCharacterList.tsx(27,5): error TS2339: Property 'items' does not exist on type 'CharacterStore'.
src/renderer/src/features/manuscript/components/sections/SidebarCharacterList.tsx(28,5): error TS2339: Property 'loadAll' does not exist on type 'CharacterStore'.
src/renderer/src/features/manuscript/components/sections/SidebarCharacterList.tsx(29,5): error TS2339: Property 'create' does not exist on type 'CharacterStore'.
src/renderer/src/features/manuscript/components/sections/SidebarMemoList.tsx(12,11): error TS2339: Property 'currentItem' does not exist on type 'ProjectStore'.
src/renderer/src/features/manuscript/components/sections/SidebarWorldList.tsx(14,11): error TS2339: Property 'currentItem' does not exist on type 'ProjectStore'.
src/renderer/src/features/manuscript/components/useSidebarLogic.ts(6,33): error TS2307: Cannot find module '@renderer/hooks/useFloatingMenu' or its corresponding type declarations.
src/renderer/src/features/manuscript/hooks/useChapterManagement.ts(14,11): error TS2339: Property 'currentItem' does not exist on type 'ProjectStore'.
src/renderer/src/features/manuscript/hooks/useChapterManagement.ts(16,5): error TS2339: Property 'items' does not exist on type 'ChapterStore'.
src/renderer/src/features/manuscript/hooks/useChapterManagement.ts(17,5): error TS2339: Property 'create' does not exist on type 'ChapterStore'.
src/renderer/src/features/manuscript/hooks/useChapterManagement.ts(18,5): error TS2339: Property 'update' does not exist on type 'ChapterStore'.
src/renderer/src/features/manuscript/hooks/useChapterManagement.ts(19,5): error TS2339: Property 'delete' does not exist on type 'ChapterStore'.
src/renderer/src/features/manuscript/hooks/useChapterManagement.ts(23,42): error TS7006: Parameter 'c' implicitly has an 'any' type.
src/renderer/src/features/manuscript/hooks/useChapterManagement.ts(28,22): error TS7006: Parameter 'c' implicitly has an 'any' type.
src/renderer/src/features/manuscript/hooks/useChapterManagement.ts(63,37): error TS7006: Parameter 'c' implicitly has an 'any' type.
src/renderer/src/features/manuscript/hooks/useChapterManagement.ts(84,44): error TS7006: Parameter 'c' implicitly has an 'any' type.
src/renderer/src/features/manuscript/stores/chapterStore.ts(7,8): error TS2307: Cannot find module '@renderer/stores/createCRUDStore' or its corresponding type declarations.
src/renderer/src/features/manuscript/stores/chapterStore.ts(8,32): error TS2307: Cannot find module '@renderer/stores/createCRUDStore' or its corresponding type declarations.
src/renderer/src/features/manuscript/stores/chapterStore.ts(47,15): error TS2339: Property 'items' does not exist on type 'ChapterStore'.
src/renderer/src/features/manuscript/stores/chapterStore.ts(60,15): error TS2345: Argument of type '(state: ChapterStore) => { items: { order: number; id: string; projectId: string; title: string; content: string; synopsis?: string | null | undefined; wordCount?: number | null | undefined; createdAt: string | Date; updatedAt: string | Date; deletedAt?: string | ... 2 more ... | undefined; }[]; }' is not assignable to parameter of type 'ChapterStore | Partial<ChapterStore> | ((state: ChapterStore) => ChapterStore | Partial<ChapterStore>)'.
  Type '(state: ChapterStore) => { items: { order: number; id: string; projectId: string; title: string; content: string; synopsis?: string | null | undefined; wordCount?: number | null | undefined; createdAt: string | Date; updatedAt: string | Date; deletedAt?: string | ... 2 more ... | undefined; }[]; }' is not assignable to type '(state: ChapterStore) => ChapterStore | Partial<ChapterStore>'.
    Type '{ items: { order: number; id: string; projectId: string; title: string; content: string; synopsis?: string | null; wordCount?: number | null; createdAt: string | Date; updatedAt: string | Date; deletedAt?: string | Date | null; }[]; }' is not assignable to type 'ChapterStore | Partial<ChapterStore>'.
src/renderer/src/features/manuscript/stores/chapterStore.ts(62,34): error TS2339: Property 'items' does not exist on type 'ChapterStore'.
src/renderer/src/features/manuscript/stores/chapterStore.ts(62,46): error TS7006: Parameter 'ch' implicitly has an 'any' type.
src/renderer/src/features/project/hooks/useFileImport.ts(52,5): error TS2339: Property 'items' does not exist on type 'ChapterStore'.
src/renderer/src/features/project/hooks/useFileImport.ts(53,5): error TS2339: Property 'isLoading' does not exist on type 'ChapterStore'.
src/renderer/src/features/project/hooks/useFileImport.ts(54,5): error TS2339: Property 'loadAll' does not exist on type 'ChapterStore'.
src/renderer/src/features/project/hooks/useFileImport.ts(55,5): error TS2339: Property 'create' does not exist on type 'ChapterStore'.
src/renderer/src/features/project/hooks/useFileImport.ts(56,5): error TS2339: Property 'update' does not exist on type 'ChapterStore'.
src/renderer/src/features/project/hooks/useFileImport.ts(60,5): error TS2339: Property 'isLoading' does not exist on type 'CharacterStore'.
src/renderer/src/features/project/hooks/useFileImport.ts(64,18): error TS2339: Property 'isLoading' does not exist on type 'TermStore'.
src/renderer/src/features/project/hooks/useProjectInit.ts(13,59): error TS2339: Property 'currentItem' does not exist on type 'ProjectStore'.
src/renderer/src/features/project/hooks/useProjectInit.ts(15,57): error TS2339: Property 'loadAll' does not exist on type 'ChapterStore'.
src/renderer/src/features/project/hooks/useProjectTemplate.ts(25,11): error TS2339: Property 'create' does not exist on type 'ChapterStore'.
src/renderer/src/features/project/stores/projectStore.ts(3,52): error TS2307: Cannot find module '@renderer/stores/createCRUDStore' or its corresponding type declarations.
src/renderer/src/features/project/stores/projectStore.ts(4,32): error TS2307: Cannot find module '@renderer/stores/createCRUDStore' or its corresponding type declarations.
src/renderer/src/features/research/components/AnalysisSection.tsx(14,11): error TS2339: Property 'items' does not exist on type 'ChapterStore'.
src/renderer/src/features/research/components/AnalysisSection.tsx(14,44): error TS2339: Property 'setCurrent' does not exist on type 'ChapterStore'.
src/renderer/src/features/research/components/AnalysisSection.tsx(112,41): error TS7006: Parameter 'c' implicitly has an 'any' type.
src/renderer/src/features/research/components/AnalysisSection.tsx(141,50): error TS7006: Parameter 'c' implicitly has an 'any' type.
src/renderer/src/features/research/components/AnalysisSection.tsx(147,31): error TS7006: Parameter 'c' implicitly has an 'any' type.
src/renderer/src/features/research/components/character/useCharacterManager.ts(15,13): error TS2339: Property 'currentItem' does not exist on type 'ProjectStore'.
src/renderer/src/features/research/components/character/useCharacterManager.ts(17,9): error TS2339: Property 'items' does not exist on type 'CharacterStore'.
src/renderer/src/features/research/components/character/useCharacterManager.ts(18,9): error TS2339: Property 'currentItem' does not exist on type 'CharacterStore'.
src/renderer/src/features/research/components/character/useCharacterManager.ts(19,9): error TS2339: Property 'loadAll' does not exist on type 'CharacterStore'.
src/renderer/src/features/research/components/character/useCharacterManager.ts(20,9): error TS2339: Property 'create' does not exist on type 'CharacterStore'.
src/renderer/src/features/research/components/character/useCharacterManager.ts(21,9): error TS2339: Property 'update' does not exist on type 'CharacterStore'.
src/renderer/src/features/research/components/MemoSection.tsx(37,11): error TS2339: Property 'currentItem' does not exist on type 'ProjectStore'.
src/renderer/src/features/research/components/wiki/WikiDetailView.tsx(34,11): error TS2339: Property 'currentItem' does not exist on type 'CharacterStore'.
src/renderer/src/features/research/components/world/PlotBoard.tsx(21,11): error TS2339: Property 'currentItem' does not exist on type 'ProjectStore'.
src/renderer/src/features/research/components/world/SynopsisEditor.tsx(12,11): error TS2339: Property 'currentItem' does not exist on type 'ProjectStore'.
src/renderer/src/features/research/components/world/TermManager.tsx(28,11): error TS2339: Property 'currentItem' does not exist on type 'ProjectStore'.
src/renderer/src/features/research/components/world/useDrawingCanvas.ts(11,13): error TS2339: Property 'currentItem' does not exist on type 'ProjectStore'.
src/renderer/src/features/research/components/world/useMindMapBoard.ts(20,13): error TS2339: Property 'currentItem' does not exist on type 'ProjectStore'.
src/renderer/src/features/research/stores/characterStore.ts(7,8): error TS2307: Cannot find module '@renderer/stores/createCRUDStore' or its corresponding type declarations.
src/renderer/src/features/research/stores/characterStore.ts(8,32): error TS2307: Cannot find module '@renderer/stores/createCRUDStore' or its corresponding type declarations.
src/renderer/src/features/research/stores/termStore.ts(7,8): error TS2307: Cannot find module '@renderer/stores/createCRUDStore' or its corresponding type declarations.
src/renderer/src/features/research/stores/termStore.ts(8,32): error TS2307: Cannot find module '@renderer/stores/createCRUDStore' or its corresponding type declarations.
src/renderer/src/features/snapshot/components/SnapshotList.tsx(29,11): error TS2339: Property 'loadAll' does not exist on type 'ChapterStore'.
src/renderer/src/features/snapshot/components/SnapshotList.tsx(29,36): error TS2339: Property 'items' does not exist on type 'ChapterStore'.
src/renderer/src/features/snapshot/components/SnapshotViewer.tsx(18,11): error TS2339: Property 'loadAll' does not exist on type 'ChapterStore'.
src/renderer/src/features/trash/components/TrashList.tsx(26,11): error TS2339: Property 'loadAll' does not exist on type 'ChapterStore'.
src/renderer/src/features/workspace/components/EditorRoot.tsx(25,54): error TS2307: Cannot find module '@renderer/services/docsPanelService' or its corresponding type declarations.
src/renderer/src/features/workspace/components/EditorRoot.tsx(26,41): error TS2307: Cannot find module '@renderer/services/layoutModeActions' or its corresponding type declarations.
src/renderer/src/features/workspace/components/EditorRoot.tsx(70,24): error TS7006: Parameter 'c' implicitly has an 'any' type.
src/renderer/src/features/workspace/components/GoogleDocsLayout.tsx(23,8): error TS2307: Cannot find module '@renderer/services/docsPanelService' or its corresponding type declarations.
src/renderer/src/features/workspace/components/ProjectTemplateSelector.tsx(11,33): error TS2307: Cannot find module '@renderer/hooks/useFloatingMenu' or its corresponding type declarations.
 ELIFECYCLE  Command failed with exit code 2.
