
> luie@0.1.0 typecheck /Users/user/Luie
> tsc --noEmit

src/renderer/src/features/editor/services/smartLinkService.ts(3,35): error TS2307: Cannot find module '../stores/characterStore' or its corresponding type declarations.
src/renderer/src/features/editor/services/smartLinkService.ts(5,30): error TS2307: Cannot find module '../stores/termStore' or its corresponding type declarations.
src/renderer/src/features/editor/services/smartLinkService.ts(6,28): error TS2307: Cannot find module '../stores/uiStore' or its corresponding type declarations.
src/renderer/src/features/editor/services/smartLinkService.ts(7,38): error TS2307: Cannot find module '../../../shared/types' or its corresponding type declarations.
src/renderer/src/features/editor/services/smartLinkService.ts(8,34): error TS2307: Cannot find module './docsPanelService' or its corresponding type declarations.
src/renderer/src/features/editor/services/smartLinkService.ts(123,36): error TS7006: Parameter 'item' implicitly has an 'any' type.
src/renderer/src/features/editor/services/smartLinkService.ts(129,52): error TS7006: Parameter 'item' implicitly has an 'any' type.
src/renderer/src/features/workspace/services/uiModeIntegrity.ts(1,51): error TS2307: Cannot find module '../../../shared/types/index.js' or its corresponding type declarations.
src/shared/utils/createCRUDStore.ts(2,34): error TS2307: Cannot find module '../../../shared/ipc' or its corresponding type declarations.
src/shared/utils/createCRUDStore.ts(3,21): error TS2307: Cannot find module '../services/api' or its corresponding type declarations.
 ELIFECYCLE  Command failed with exit code 2.
